<?xml version="1.0" encoding="UTF-8"?>
<testng-results skipped="0" failed="0" total="1" passed="1">
  <reporter-output>
  </reporter-output>
  <suite name="Suite" duration-ms="4099" started-at="2019-03-18T03:20:56Z" finished-at="2019-03-18T03:21:00Z">
    <groups>
    </groups>
    <test name="Test" duration-ms="4099" started-at="2019-03-18T03:20:56Z" finished-at="2019-03-18T03:21:00Z">
      <class name="openbaidu.openbaidu">
        <test-method status="PASS" signature="open()[pri:0, instance:openbaidu.openbaidu@2d6a9952]" name="open" duration-ms="4083" started-at="2019-03-18T11:20:56Z" finished-at="2019-03-18T11:21:00Z">
          <reporter-output>
          </reporter-output>
        </test-method> <!-- open -->
      </class> <!-- openbaidu.openbaidu -->
    </test> <!-- Test -->
  </suite> <!-- Suite -->
</testng-results>
